C:\USERS\KUBA\DYSK GOOGLE\03_EMBEDED\04_TESTOWE_ZADANIA\14_OCZKO_POPRAWKI\OCZKO\OCZKO\DEBUG\CBLAD.OBJ
C:\USERS\KUBA\DYSK GOOGLE\03_EMBEDED\04_TESTOWE_ZADANIA\14_OCZKO_POPRAWKI\OCZKO\OCZKO\DEBUG\GRACZ.OBJ
C:\USERS\KUBA\DYSK GOOGLE\03_EMBEDED\04_TESTOWE_ZADANIA\14_OCZKO_POPRAWKI\OCZKO\OCZKO\DEBUG\KARTA.OBJ
C:\USERS\KUBA\DYSK GOOGLE\03_EMBEDED\04_TESTOWE_ZADANIA\14_OCZKO_POPRAWKI\OCZKO\OCZKO\DEBUG\KOMUNIKAT.OBJ
C:\USERS\KUBA\DYSK GOOGLE\03_EMBEDED\04_TESTOWE_ZADANIA\14_OCZKO_POPRAWKI\OCZKO\OCZKO\DEBUG\KRUPIER.OBJ
C:\USERS\KUBA\DYSK GOOGLE\03_EMBEDED\04_TESTOWE_ZADANIA\14_OCZKO_POPRAWKI\OCZKO\OCZKO\DEBUG\OCZKO.OBJ
C:\USERS\KUBA\DYSK GOOGLE\03_EMBEDED\04_TESTOWE_ZADANIA\14_OCZKO_POPRAWKI\OCZKO\OCZKO\DEBUG\ODPOWIEDZ.OBJ
C:\USERS\KUBA\DYSK GOOGLE\03_EMBEDED\04_TESTOWE_ZADANIA\14_OCZKO_POPRAWKI\OCZKO\OCZKO\DEBUG\STDAFX.OBJ
C:\USERS\KUBA\DYSK GOOGLE\03_EMBEDED\04_TESTOWE_ZADANIA\14_OCZKO_POPRAWKI\OCZKO\OCZKO\DEBUG\STOL.OBJ
C:\USERS\KUBA\DYSK GOOGLE\03_EMBEDED\04_TESTOWE_ZADANIA\14_OCZKO_POPRAWKI\OCZKO\OCZKO\DEBUG\TALIA.OBJ
C:\USERS\KUBA\DYSK GOOGLE\03_EMBEDED\04_TESTOWE_ZADANIA\14_OCZKO_POPRAWKI\OCZKO\OCZKO\DEBUG\VC110.PDB
C:\USERS\KUBA\DYSK GOOGLE\03_EMBEDED\04_TESTOWE_ZADANIA\14_OCZKO_POPRAWKI\OCZKO\DEBUG\OCZKO.ILK
C:\USERS\KUBA\DYSK GOOGLE\03_EMBEDED\04_TESTOWE_ZADANIA\14_OCZKO_POPRAWKI\OCZKO\DEBUG\OCZKO.EXE
C:\USERS\KUBA\DYSK GOOGLE\03_EMBEDED\04_TESTOWE_ZADANIA\14_OCZKO_POPRAWKI\OCZKO\DEBUG\OCZKO.PDB
C:\Users\kuba\Dysk Google\03_Embeded\04_Testowe_zadania\14_oczko_poprawki\Oczko\Oczko\Debug\Cblad.obj
C:\Users\kuba\Dysk Google\03_Embeded\04_Testowe_zadania\14_oczko_poprawki\Oczko\Oczko\Debug\gracz.obj
C:\Users\kuba\Dysk Google\03_Embeded\04_Testowe_zadania\14_oczko_poprawki\Oczko\Oczko\Debug\karta.obj
C:\Users\kuba\Dysk Google\03_Embeded\04_Testowe_zadania\14_oczko_poprawki\Oczko\Oczko\Debug\komunikat.obj
C:\Users\kuba\Dysk Google\03_Embeded\04_Testowe_zadania\14_oczko_poprawki\Oczko\Oczko\Debug\krupier.obj
C:\Users\kuba\Dysk Google\03_Embeded\04_Testowe_zadania\14_oczko_poprawki\Oczko\Oczko\Debug\Oczko.obj
C:\Users\kuba\Dysk Google\03_Embeded\04_Testowe_zadania\14_oczko_poprawki\Oczko\Oczko\Debug\odpowiedz.obj
C:\Users\kuba\Dysk Google\03_Embeded\04_Testowe_zadania\14_oczko_poprawki\Oczko\Oczko\Debug\stdafx.obj
C:\Users\kuba\Dysk Google\03_Embeded\04_Testowe_zadania\14_oczko_poprawki\Oczko\Oczko\Debug\stol.obj
C:\Users\kuba\Dysk Google\03_Embeded\04_Testowe_zadania\14_oczko_poprawki\Oczko\Oczko\Debug\talia.obj
C:\Users\kuba\Dysk Google\03_Embeded\04_Testowe_zadania\14_oczko_poprawki\Oczko\Oczko\Debug\cl.command.1.tlog
C:\Users\kuba\Dysk Google\03_Embeded\04_Testowe_zadania\14_oczko_poprawki\Oczko\Oczko\Debug\CL.read.1.tlog
C:\Users\kuba\Dysk Google\03_Embeded\04_Testowe_zadania\14_oczko_poprawki\Oczko\Oczko\Debug\CL.write.1.tlog
C:\Users\kuba\Dysk Google\03_Embeded\04_Testowe_zadania\14_oczko_poprawki\Oczko\Oczko\Debug\link-cvtres.read.1.tlog
C:\Users\kuba\Dysk Google\03_Embeded\04_Testowe_zadania\14_oczko_poprawki\Oczko\Oczko\Debug\link-cvtres.write.1.tlog
C:\Users\kuba\Dysk Google\03_Embeded\04_Testowe_zadania\14_oczko_poprawki\Oczko\Oczko\Debug\link-rc.read.1.tlog
C:\Users\kuba\Dysk Google\03_Embeded\04_Testowe_zadania\14_oczko_poprawki\Oczko\Oczko\Debug\link-rc.write.1.tlog
C:\Users\kuba\Dysk Google\03_Embeded\04_Testowe_zadania\14_oczko_poprawki\Oczko\Oczko\Debug\link.1012-cvtres.read.1.tlog
C:\Users\kuba\Dysk Google\03_Embeded\04_Testowe_zadania\14_oczko_poprawki\Oczko\Oczko\Debug\link.1012-cvtres.write.1.tlog
C:\Users\kuba\Dysk Google\03_Embeded\04_Testowe_zadania\14_oczko_poprawki\Oczko\Oczko\Debug\link.1012-rc.read.1.tlog
C:\Users\kuba\Dysk Google\03_Embeded\04_Testowe_zadania\14_oczko_poprawki\Oczko\Oczko\Debug\link.1012-rc.write.1.tlog
C:\Users\kuba\Dysk Google\03_Embeded\04_Testowe_zadania\14_oczko_poprawki\Oczko\Oczko\Debug\link.1012.read.1.tlog
C:\Users\kuba\Dysk Google\03_Embeded\04_Testowe_zadania\14_oczko_poprawki\Oczko\Oczko\Debug\link.1012.write.1.tlog
C:\Users\kuba\Dysk Google\03_Embeded\04_Testowe_zadania\14_oczko_poprawki\Oczko\Oczko\Debug\link.1876-cvtres.read.1.tlog
C:\Users\kuba\Dysk Google\03_Embeded\04_Testowe_zadania\14_oczko_poprawki\Oczko\Oczko\Debug\link.1876-cvtres.write.1.tlog
C:\Users\kuba\Dysk Google\03_Embeded\04_Testowe_zadania\14_oczko_poprawki\Oczko\Oczko\Debug\link.1876-rc.read.1.tlog
C:\Users\kuba\Dysk Google\03_Embeded\04_Testowe_zadania\14_oczko_poprawki\Oczko\Oczko\Debug\link.1876-rc.write.1.tlog
C:\Users\kuba\Dysk Google\03_Embeded\04_Testowe_zadania\14_oczko_poprawki\Oczko\Oczko\Debug\link.1876.read.1.tlog
C:\Users\kuba\Dysk Google\03_Embeded\04_Testowe_zadania\14_oczko_poprawki\Oczko\Oczko\Debug\link.1876.write.1.tlog
C:\Users\kuba\Dysk Google\03_Embeded\04_Testowe_zadania\14_oczko_poprawki\Oczko\Oczko\Debug\link.2992-cvtres.read.1.tlog
C:\Users\kuba\Dysk Google\03_Embeded\04_Testowe_zadania\14_oczko_poprawki\Oczko\Oczko\Debug\link.2992-cvtres.write.1.tlog
C:\Users\kuba\Dysk Google\03_Embeded\04_Testowe_zadania\14_oczko_poprawki\Oczko\Oczko\Debug\link.2992-rc.read.1.tlog
C:\Users\kuba\Dysk Google\03_Embeded\04_Testowe_zadania\14_oczko_poprawki\Oczko\Oczko\Debug\link.2992-rc.write.1.tlog
C:\Users\kuba\Dysk Google\03_Embeded\04_Testowe_zadania\14_oczko_poprawki\Oczko\Oczko\Debug\link.2992.read.1.tlog
C:\Users\kuba\Dysk Google\03_Embeded\04_Testowe_zadania\14_oczko_poprawki\Oczko\Oczko\Debug\link.2992.write.1.tlog
C:\Users\kuba\Dysk Google\03_Embeded\04_Testowe_zadania\14_oczko_poprawki\Oczko\Oczko\Debug\link.3560-cvtres.read.1.tlog
C:\Users\kuba\Dysk Google\03_Embeded\04_Testowe_zadania\14_oczko_poprawki\Oczko\Oczko\Debug\link.3560-cvtres.write.1.tlog
C:\Users\kuba\Dysk Google\03_Embeded\04_Testowe_zadania\14_oczko_poprawki\Oczko\Oczko\Debug\link.3560-rc.read.1.tlog
C:\Users\kuba\Dysk Google\03_Embeded\04_Testowe_zadania\14_oczko_poprawki\Oczko\Oczko\Debug\link.3560-rc.write.1.tlog
C:\Users\kuba\Dysk Google\03_Embeded\04_Testowe_zadania\14_oczko_poprawki\Oczko\Oczko\Debug\link.3560.read.1.tlog
C:\Users\kuba\Dysk Google\03_Embeded\04_Testowe_zadania\14_oczko_poprawki\Oczko\Oczko\Debug\link.3560.write.1.tlog
C:\Users\kuba\Dysk Google\03_Embeded\04_Testowe_zadania\14_oczko_poprawki\Oczko\Oczko\Debug\link.4108-cvtres.read.1.tlog
C:\Users\kuba\Dysk Google\03_Embeded\04_Testowe_zadania\14_oczko_poprawki\Oczko\Oczko\Debug\link.4108-cvtres.write.1.tlog
C:\Users\kuba\Dysk Google\03_Embeded\04_Testowe_zadania\14_oczko_poprawki\Oczko\Oczko\Debug\link.4108-rc.read.1.tlog
C:\Users\kuba\Dysk Google\03_Embeded\04_Testowe_zadania\14_oczko_poprawki\Oczko\Oczko\Debug\link.4108-rc.write.1.tlog
C:\Users\kuba\Dysk Google\03_Embeded\04_Testowe_zadania\14_oczko_poprawki\Oczko\Oczko\Debug\link.4108.read.1.tlog
C:\Users\kuba\Dysk Google\03_Embeded\04_Testowe_zadania\14_oczko_poprawki\Oczko\Oczko\Debug\link.4108.write.1.tlog
C:\Users\kuba\Dysk Google\03_Embeded\04_Testowe_zadania\14_oczko_poprawki\Oczko\Oczko\Debug\link.command.1.tlog
C:\Users\kuba\Dysk Google\03_Embeded\04_Testowe_zadania\14_oczko_poprawki\Oczko\Oczko\Debug\link.read.1.tlog
C:\Users\kuba\Dysk Google\03_Embeded\04_Testowe_zadania\14_oczko_poprawki\Oczko\Oczko\Debug\link.write.1.tlog
C:\Users\kuba\Dysk Google\03_Embeded\04_Testowe_zadania\14_oczko_poprawki\Oczko\Oczko\Debug\vc110.idb
C:\Users\kuba\Dysk Google\03_Embeded\04_Testowe_zadania\14_oczko_poprawki\Oczko\Oczko\Debug\vc110.pdb
C:\Users\kuba\Dysk Google\03_Embeded\04_Testowe_zadania\14_oczko_poprawki\Oczko\Debug\Oczko.pdb
