Build started 6/20/2017 9:23:45 PM.
     1>Project "C:\Users\kuba\Dysk Google\03_Embeded\04_Testowe_zadania\14_oczko_poprawki\Oczko\Oczko\Oczko.vcxproj" on node 2 (Build target(s)).
       Project file contains ToolsVersion="12.0". This toolset may be unknown or missing, in which case you may be able to resolve this by installing the appropriate version of MSBuild, or the build may have been forced to a particular ToolsVersion for policy reasons. Treating the project as if it had ToolsVersion="4.0". For more information, please see http://go.microsoft.com/fwlink/?LinkId=291333.
     1>ClCompile:
         C:\Program Files (x86)\Microsoft Visual Studio 11.0\VC\bin\CL.exe /c /ZI /nologo /W3 /WX- /Od /Oy- /D WIN32 /D _DEBUG /D _CONSOLE /D _LIB /D _UNICODE /D UNICODE /Gm /EHsc /RTC1 /MDd /GS /fp:precise /Zc:wchar_t /Zc:forScope /Fo"Debug\\" /Fd"Debug\vc110.pdb" /Gd /TP /analyze- /errorReport:prompt Cblad.cpp Oczko.cpp krupier.cpp stol.cpp
         stol.cpp
         Generating Code...
         Skipping... (no relevant changes detected)
         krupier.cpp
         Oczko.cpp
         Cblad.cpp
       Link:
         C:\Program Files (x86)\Microsoft Visual Studio 11.0\VC\bin\link.exe /ERRORREPORT:PROMPT /OUT:"C:\Users\kuba\Dysk Google\03_Embeded\04_Testowe_zadania\14_oczko_poprawki\Oczko\Debug\Oczko.exe" /INCREMENTAL /NOLOGO kernel32.lib user32.lib gdi32.lib winspool.lib comdlg32.lib advapi32.lib shell32.lib ole32.lib oleaut32.lib uuid.lib odbc32.lib odbccp32.lib /MANIFEST /MANIFESTUAC:"level='asInvoker' uiAccess='false'" /manifest:embed /DEBUG /PDB:"C:\Users\kuba\Dysk Google\03_Embeded\04_Testowe_zadania\14_oczko_poprawki\Oczko\Debug\Oczko.pdb" /SUBSYSTEM:CONSOLE /TLBID:1 /DYNAMICBASE /NXCOMPAT /IMPLIB:"C:\Users\kuba\Dysk Google\03_Embeded\04_Testowe_zadania\14_oczko_poprawki\Oczko\Debug\Oczko.lib" /MACHINE:X86 Debug\Cblad.obj
         Debug\karta.obj
         Debug\krupier.obj
         Debug\Oczko.obj
         Debug\stol.obj
         Debug\talia.obj
         Oczko.vcxproj -> C:\Users\kuba\Dysk Google\03_Embeded\04_Testowe_zadania\14_oczko_poprawki\Oczko\Debug\Oczko.exe
     1>Done Building Project "C:\Users\kuba\Dysk Google\03_Embeded\04_Testowe_zadania\14_oczko_poprawki\Oczko\Oczko\Oczko.vcxproj" (Build target(s)).

Build succeeded.

Time Elapsed 00:00:01.31
